<?xml version="1.0" encoding="UTF-8"?>
<testsuite name="birdrun.model.Test_Bird" tests="135" skipped="0" failures="0" errors="0" timestamp="2022-01-15T15:25:20" hostname="zenbook" time="0.078">
  <properties/>
  <testcase name="Test get char" classname="birdrun.model.Test_Bird" time="0.001"/>
  <testcase name="Test takeDamage [givenHp: -10, #0]" classname="birdrun.model.Test_Bird" time="0.002"/>
  <testcase name="Test takeDamage [givenHp: 0, #1]" classname="birdrun.model.Test_Bird" time="0.0"/>
  <testcase name="Test takeDamage [givenHp: -1, #2]" classname="birdrun.model.Test_Bird" time="0.0"/>
  <testcase name="Test takeDamage [givenHp: -2, #3]" classname="birdrun.model.Test_Bird" time="0.001"/>
  <testcase name="Test takeDamage [givenHp: 3, #4]" classname="birdrun.model.Test_Bird" time="0.0"/>
  <testcase name="Test takeDamage [givenHp: 6, #5]" classname="birdrun.model.Test_Bird" time="0.0"/>
  <testcase name="Test takeDamage [givenHp: 8, #6]" classname="birdrun.model.Test_Bird" time="0.0"/>
  <testcase name="Test takeDamage [givenHp: 0, #7]" classname="birdrun.model.Test_Bird" time="0.0"/>
  <testcase name="Test takeDamage [givenHp: 123, #8]" classname="birdrun.model.Test_Bird" time="0.0"/>
  <testcase name="Test takeDamage [givenHp: 34, #9]" classname="birdrun.model.Test_Bird" time="0.0"/>
  <testcase name="Test takeDamage [givenHp: 15, #10]" classname="birdrun.model.Test_Bird" time="0.0"/>
  <testcase name="Test takeDamage [givenHp: 8, #11]" classname="birdrun.model.Test_Bird" time="0.0"/>
  <testcase name="Test equality" classname="birdrun.model.Test_Bird" time="0.001"/>
  <testcase name="Test get/set Hp [givenHp: -10, #0]" classname="birdrun.model.Test_Bird" time="0.001"/>
  <testcase name="Test get/set Hp [givenHp: 0, #1]" classname="birdrun.model.Test_Bird" time="0.001"/>
  <testcase name="Test get/set Hp [givenHp: -1, #2]" classname="birdrun.model.Test_Bird" time="0.001"/>
  <testcase name="Test get/set Hp [givenHp: -2, #3]" classname="birdrun.model.Test_Bird" time="0.0"/>
  <testcase name="Test get/set Hp [givenHp: 3, #4]" classname="birdrun.model.Test_Bird" time="0.0"/>
  <testcase name="Test get/set Hp [givenHp: 6, #5]" classname="birdrun.model.Test_Bird" time="0.0"/>
  <testcase name="Test get/set Hp [givenHp: 8, #6]" classname="birdrun.model.Test_Bird" time="0.0"/>
  <testcase name="Test get/set Hp [givenHp: 0, #7]" classname="birdrun.model.Test_Bird" time="0.0"/>
  <testcase name="Test get/set Hp [givenHp: 123, #8]" classname="birdrun.model.Test_Bird" time="0.0"/>
  <testcase name="Test get/set Hp [givenHp: 34, #9]" classname="birdrun.model.Test_Bird" time="0.001"/>
  <testcase name="Test get/set Hp [givenHp: 15, #10]" classname="birdrun.model.Test_Bird" time="0.0"/>
  <testcase name="Test get/set Hp [givenHp: 8, #11]" classname="birdrun.model.Test_Bird" time="0.0"/>
  <testcase name="Test setCoinCount [givenCoinCount: -10, #0]" classname="birdrun.model.Test_Bird" time="0.001"/>
  <testcase name="Test setCoinCount [givenCoinCount: 0, #1]" classname="birdrun.model.Test_Bird" time="0.0"/>
  <testcase name="Test setCoinCount [givenCoinCount: -1, #2]" classname="birdrun.model.Test_Bird" time="0.0"/>
  <testcase name="Test setCoinCount [givenCoinCount: -2, #3]" classname="birdrun.model.Test_Bird" time="0.0"/>
  <testcase name="Test setCoinCount [givenCoinCount: 3, #4]" classname="birdrun.model.Test_Bird" time="0.0"/>
  <testcase name="Test setCoinCount [givenCoinCount: 6, #5]" classname="birdrun.model.Test_Bird" time="0.0"/>
  <testcase name="Test setCoinCount [givenCoinCount: 8, #6]" classname="birdrun.model.Test_Bird" time="0.001"/>
  <testcase name="Test setCoinCount [givenCoinCount: 0, #7]" classname="birdrun.model.Test_Bird" time="0.0"/>
  <testcase name="Test setCoinCount [givenCoinCount: 123, #8]" classname="birdrun.model.Test_Bird" time="0.001"/>
  <testcase name="Test setCoinCount [givenCoinCount: 34, #9]" classname="birdrun.model.Test_Bird" time="0.0"/>
  <testcase name="Test setCoinCount [givenCoinCount: 15, #10]" classname="birdrun.model.Test_Bird" time="0.001"/>
  <testcase name="Test setCoinCount [givenCoinCount: 8, #11]" classname="birdrun.model.Test_Bird" time="0.0"/>
  <testcase name="Test addHp [deltaHp: -10, #0]" classname="birdrun.model.Test_Bird" time="0.002"/>
  <testcase name="Test addHp [deltaHp: 0, #1]" classname="birdrun.model.Test_Bird" time="0.0"/>
  <testcase name="Test addHp [deltaHp: -1, #2]" classname="birdrun.model.Test_Bird" time="0.001"/>
  <testcase name="Test addHp [deltaHp: -2, #3]" classname="birdrun.model.Test_Bird" time="0.0"/>
  <testcase name="Test addHp [deltaHp: 3, #4]" classname="birdrun.model.Test_Bird" time="0.001"/>
  <testcase name="Test addHp [deltaHp: 6, #5]" classname="birdrun.model.Test_Bird" time="0.0"/>
  <testcase name="Test addHp [deltaHp: 8, #6]" classname="birdrun.model.Test_Bird" time="0.0"/>
  <testcase name="Test addHp [deltaHp: 0, #7]" classname="birdrun.model.Test_Bird" time="0.0"/>
  <testcase name="Test addHp [deltaHp: 123, #8]" classname="birdrun.model.Test_Bird" time="0.0"/>
  <testcase name="Test addHp [deltaHp: 34, #9]" classname="birdrun.model.Test_Bird" time="0.0"/>
  <testcase name="Test addHp [deltaHp: 15, #10]" classname="birdrun.model.Test_Bird" time="0.0"/>
  <testcase name="Test addHp [deltaHp: 8, #11]" classname="birdrun.model.Test_Bird" time="0.0"/>
  <testcase name="Test stamina [stamina: -10, #0]" classname="birdrun.model.Test_Bird" time="0.001"/>
  <testcase name="Test stamina [stamina: -67, #1]" classname="birdrun.model.Test_Bird" time="0.0"/>
  <testcase name="Test stamina [stamina: 0, #2]" classname="birdrun.model.Test_Bird" time="0.0"/>
  <testcase name="Test stamina [stamina: -1, #3]" classname="birdrun.model.Test_Bird" time="0.0"/>
  <testcase name="Test stamina [stamina: -2, #4]" classname="birdrun.model.Test_Bird" time="0.001"/>
  <testcase name="Test stamina [stamina: 3, #5]" classname="birdrun.model.Test_Bird" time="0.0"/>
  <testcase name="Test stamina [stamina: 0, #6]" classname="birdrun.model.Test_Bird" time="0.001"/>
  <testcase name="Test stamina [stamina: 123, #7]" classname="birdrun.model.Test_Bird" time="0.0"/>
  <testcase name="Test stamina [stamina: 503, #8]" classname="birdrun.model.Test_Bird" time="0.0"/>
  <testcase name="Test stamina [stamina: 199, #9]" classname="birdrun.model.Test_Bird" time="0.001"/>
  <testcase name="Test stamina [stamina: 200, #10]" classname="birdrun.model.Test_Bird" time="0.0"/>
  <testcase name="Test stamina [stamina: 201, #11]" classname="birdrun.model.Test_Bird" time="0.0"/>
  <testcase name="Test stamina [stamina: 8, #12]" classname="birdrun.model.Test_Bird" time="0.0"/>
  <testcase name="Test isAlive [givenHp: -10, #0]" classname="birdrun.model.Test_Bird" time="0.0"/>
  <testcase name="Test isAlive [givenHp: 0, #1]" classname="birdrun.model.Test_Bird" time="0.0"/>
  <testcase name="Test isAlive [givenHp: -1, #2]" classname="birdrun.model.Test_Bird" time="0.0"/>
  <testcase name="Test isAlive [givenHp: -2, #3]" classname="birdrun.model.Test_Bird" time="0.0"/>
  <testcase name="Test isAlive [givenHp: 3, #4]" classname="birdrun.model.Test_Bird" time="0.0"/>
  <testcase name="Test isAlive [givenHp: 6, #5]" classname="birdrun.model.Test_Bird" time="0.0"/>
  <testcase name="Test isAlive [givenHp: 8, #6]" classname="birdrun.model.Test_Bird" time="0.0"/>
  <testcase name="Test isAlive [givenHp: 0, #7]" classname="birdrun.model.Test_Bird" time="0.001"/>
  <testcase name="Test isAlive [givenHp: 123, #8]" classname="birdrun.model.Test_Bird" time="0.0"/>
  <testcase name="Test isAlive [givenHp: 34, #9]" classname="birdrun.model.Test_Bird" time="0.0"/>
  <testcase name="Test isAlive [givenHp: 15, #10]" classname="birdrun.model.Test_Bird" time="0.001"/>
  <testcase name="Test isAlive [givenHp: 8, #11]" classname="birdrun.model.Test_Bird" time="0.0"/>
  <testcase name="Test pickCoin [numCoins: -10, #0]" classname="birdrun.model.Test_Bird" time="0.001"/>
  <testcase name="Test pickCoin [numCoins: 0, #1]" classname="birdrun.model.Test_Bird" time="0.0"/>
  <testcase name="Test pickCoin [numCoins: -1, #2]" classname="birdrun.model.Test_Bird" time="0.0"/>
  <testcase name="Test pickCoin [numCoins: -2, #3]" classname="birdrun.model.Test_Bird" time="0.001"/>
  <testcase name="Test pickCoin [numCoins: 3, #4]" classname="birdrun.model.Test_Bird" time="0.0"/>
  <testcase name="Test pickCoin [numCoins: 6, #5]" classname="birdrun.model.Test_Bird" time="0.0"/>
  <testcase name="Test pickCoin [numCoins: 8, #6]" classname="birdrun.model.Test_Bird" time="0.0"/>
  <testcase name="Test pickCoin [numCoins: 0, #7]" classname="birdrun.model.Test_Bird" time="0.0"/>
  <testcase name="Test pickCoin [numCoins: 123, #8]" classname="birdrun.model.Test_Bird" time="0.0"/>
  <testcase name="Test pickCoin [numCoins: 34, #9]" classname="birdrun.model.Test_Bird" time="0.0"/>
  <testcase name="Test pickCoin [numCoins: 15, #10]" classname="birdrun.model.Test_Bird" time="0.0"/>
  <testcase name="Test pickCoin [numCoins: 8, #11]" classname="birdrun.model.Test_Bird" time="0.0"/>
  <testcase name="Test moveUp [delta: -10, #0]" classname="birdrun.model.Test_Bird" time="0.001"/>
  <testcase name="Test moveUp [delta: 0, #1]" classname="birdrun.model.Test_Bird" time="0.0"/>
  <testcase name="Test moveUp [delta: -1, #2]" classname="birdrun.model.Test_Bird" time="0.0"/>
  <testcase name="Test moveUp [delta: -2, #3]" classname="birdrun.model.Test_Bird" time="0.0"/>
  <testcase name="Test moveUp [delta: 3, #4]" classname="birdrun.model.Test_Bird" time="0.0"/>
  <testcase name="Test moveUp [delta: 6, #5]" classname="birdrun.model.Test_Bird" time="0.001"/>
  <testcase name="Test moveUp [delta: 8, #6]" classname="birdrun.model.Test_Bird" time="0.0"/>
  <testcase name="Test moveUp [delta: 0, #7]" classname="birdrun.model.Test_Bird" time="0.001"/>
  <testcase name="Test moveUp [delta: 123, #8]" classname="birdrun.model.Test_Bird" time="0.0"/>
  <testcase name="Test moveUp [delta: 34, #9]" classname="birdrun.model.Test_Bird" time="0.0"/>
  <testcase name="Test moveUp [delta: 15, #10]" classname="birdrun.model.Test_Bird" time="0.0"/>
  <testcase name="Test moveUp [delta: 8, #11]" classname="birdrun.model.Test_Bird" time="0.0"/>
  <testcase name="Test moveDown [delta: -10, #0]" classname="birdrun.model.Test_Bird" time="0.001"/>
  <testcase name="Test moveDown [delta: 0, #1]" classname="birdrun.model.Test_Bird" time="0.0"/>
  <testcase name="Test moveDown [delta: -1, #2]" classname="birdrun.model.Test_Bird" time="0.001"/>
  <testcase name="Test moveDown [delta: -2, #3]" classname="birdrun.model.Test_Bird" time="0.0"/>
  <testcase name="Test moveDown [delta: 3, #4]" classname="birdrun.model.Test_Bird" time="0.0"/>
  <testcase name="Test moveDown [delta: 6, #5]" classname="birdrun.model.Test_Bird" time="0.001"/>
  <testcase name="Test moveDown [delta: 8, #6]" classname="birdrun.model.Test_Bird" time="0.0"/>
  <testcase name="Test moveDown [delta: 0, #7]" classname="birdrun.model.Test_Bird" time="0.0"/>
  <testcase name="Test moveDown [delta: 123, #8]" classname="birdrun.model.Test_Bird" time="0.001"/>
  <testcase name="Test moveDown [delta: 34, #9]" classname="birdrun.model.Test_Bird" time="0.0"/>
  <testcase name="Test moveDown [delta: 15, #10]" classname="birdrun.model.Test_Bird" time="0.0"/>
  <testcase name="Test moveDown [delta: 8, #11]" classname="birdrun.model.Test_Bird" time="0.001"/>
  <testcase name="Test moveLeft [delta: -10, #0]" classname="birdrun.model.Test_Bird" time="0.001"/>
  <testcase name="Test moveLeft [delta: 0, #1]" classname="birdrun.model.Test_Bird" time="0.0"/>
  <testcase name="Test moveLeft [delta: -1, #2]" classname="birdrun.model.Test_Bird" time="0.001"/>
  <testcase name="Test moveLeft [delta: -2, #3]" classname="birdrun.model.Test_Bird" time="0.0"/>
  <testcase name="Test moveLeft [delta: 3, #4]" classname="birdrun.model.Test_Bird" time="0.0"/>
  <testcase name="Test moveLeft [delta: 6, #5]" classname="birdrun.model.Test_Bird" time="0.0"/>
  <testcase name="Test moveLeft [delta: 8, #6]" classname="birdrun.model.Test_Bird" time="0.0"/>
  <testcase name="Test moveLeft [delta: 0, #7]" classname="birdrun.model.Test_Bird" time="0.0"/>
  <testcase name="Test moveLeft [delta: 123, #8]" classname="birdrun.model.Test_Bird" time="0.0"/>
  <testcase name="Test moveLeft [delta: 34, #9]" classname="birdrun.model.Test_Bird" time="0.0"/>
  <testcase name="Test moveLeft [delta: 15, #10]" classname="birdrun.model.Test_Bird" time="0.0"/>
  <testcase name="Test moveLeft [delta: 8, #11]" classname="birdrun.model.Test_Bird" time="0.0"/>
  <testcase name="Test moveRight [delta: -10, #0]" classname="birdrun.model.Test_Bird" time="0.001"/>
  <testcase name="Test moveRight [delta: 0, #1]" classname="birdrun.model.Test_Bird" time="0.001"/>
  <testcase name="Test moveRight [delta: -1, #2]" classname="birdrun.model.Test_Bird" time="0.0"/>
  <testcase name="Test moveRight [delta: -2, #3]" classname="birdrun.model.Test_Bird" time="0.0"/>
  <testcase name="Test moveRight [delta: 3, #4]" classname="birdrun.model.Test_Bird" time="0.001"/>
  <testcase name="Test moveRight [delta: 6, #5]" classname="birdrun.model.Test_Bird" time="0.0"/>
  <testcase name="Test moveRight [delta: 8, #6]" classname="birdrun.model.Test_Bird" time="0.0"/>
  <testcase name="Test moveRight [delta: 0, #7]" classname="birdrun.model.Test_Bird" time="0.001"/>
  <testcase name="Test moveRight [delta: 123, #8]" classname="birdrun.model.Test_Bird" time="0.0"/>
  <testcase name="Test moveRight [delta: 34, #9]" classname="birdrun.model.Test_Bird" time="0.0"/>
  <testcase name="Test moveRight [delta: 15, #10]" classname="birdrun.model.Test_Bird" time="0.0"/>
  <testcase name="Test moveRight [delta: 8, #11]" classname="birdrun.model.Test_Bird" time="0.0"/>
  <system-out><![CDATA[]]></system-out>
  <system-err><![CDATA[]]></system-err>
</testsuite>
