<?xml version="1.0" encoding="UTF-8"?>
<testsuite name="birdrun.model.Test_Coin" tests="29" skipped="0" failures="0" errors="0" timestamp="2022-01-15T15:25:20" hostname="zenbook" time="0.014">
  <properties/>
  <testcase name="Test gravity [x1: -10, y1: 10, x2: -10, y2: -10, #0]" classname="birdrun.model.Test_Coin" time="0.003"/>
  <testcase name="Test gravity [x1: 0, y1: 9, x2: 0, y2: 0, #1]" classname="birdrun.model.Test_Coin" time="0.0"/>
  <testcase name="Test gravity [x1: -1, y1: 1, x2: -1, y2: -1, #2]" classname="birdrun.model.Test_Coin" time="0.001"/>
  <testcase name="Test gravity [x1: 0, y1: -2, x2: 0, y2: -2, #3]" classname="birdrun.model.Test_Coin" time="0.0"/>
  <testcase name="Test gravity [x1: 1, y1: 3, x2: 1, y2: 3, #4]" classname="birdrun.model.Test_Coin" time="0.0"/>
  <testcase name="Test gravity [x1: 2, y1: 6, x2: 2, y2: 6, #5]" classname="birdrun.model.Test_Coin" time="0.0"/>
  <testcase name="Test gravity [x1: 4, y1: 8, x2: 4, y2: 8, #6]" classname="birdrun.model.Test_Coin" time="0.0"/>
  <testcase name="Test gravity [x1: -46, y1: 0, x2: 46, y2: 0, #7]" classname="birdrun.model.Test_Coin" time="0.001"/>
  <testcase name="Test gravity [x1: 7, y1: 123, x2: 7, y2: 123, #8]" classname="birdrun.model.Test_Coin" time="0.0"/>
  <testcase name="Test gravity [x1: 78, y1: 34, x2: 78, y2: 34, #9]" classname="birdrun.model.Test_Coin" time="0.0"/>
  <testcase name="Test gravity [x1: -15, y1: -15, x2: 15, y2: 15, #10]" classname="birdrun.model.Test_Coin" time="0.0"/>
  <testcase name="Test gravity [x1: 101, y1: 8, x2: 99, y2: 8, #11]" classname="birdrun.model.Test_Coin" time="0.0"/>
  <testcase name="Test get char [x1: -10, y1: 0, x2: -10, y2: 3, #0]" classname="birdrun.model.Test_Coin" time="0.0"/>
  <testcase name="Test get char [x1: 0, y1: 123, x2: 0, y2: 6, #1]" classname="birdrun.model.Test_Coin" time="0.0"/>
  <testcase name="Test get char [x1: -1, y1: 34, x2: -1, y2: 8, #2]" classname="birdrun.model.Test_Coin" time="0.001"/>
  <testcase name="Test get char [x1: 15, y1: -15, x2: 67, y2: 0, #3]" classname="birdrun.model.Test_Coin" time="0.0"/>
  <testcase name="Test get char [x1: 101, y1: 8, x2: 99, y2: 123, #4]" classname="birdrun.model.Test_Coin" time="0.0"/>
  <testcase name="Test equality [x1: -10, y1: 10, x2: -10, y2: -10, #0]" classname="birdrun.model.Test_Coin" time="0.0"/>
  <testcase name="Test equality [x1: 0, y1: 9, x2: 0, y2: 0, #1]" classname="birdrun.model.Test_Coin" time="0.0"/>
  <testcase name="Test equality [x1: -1, y1: 1, x2: -1, y2: -1, #2]" classname="birdrun.model.Test_Coin" time="0.0"/>
  <testcase name="Test equality [x1: 0, y1: -2, x2: 0, y2: -2, #3]" classname="birdrun.model.Test_Coin" time="0.0"/>
  <testcase name="Test equality [x1: 1, y1: 3, x2: 1, y2: 3, #4]" classname="birdrun.model.Test_Coin" time="0.0"/>
  <testcase name="Test equality [x1: 2, y1: 6, x2: 2, y2: 6, #5]" classname="birdrun.model.Test_Coin" time="0.001"/>
  <testcase name="Test equality [x1: 4, y1: 8, x2: 4, y2: 8, #6]" classname="birdrun.model.Test_Coin" time="0.0"/>
  <testcase name="Test equality [x1: -46, y1: 0, x2: 46, y2: 0, #7]" classname="birdrun.model.Test_Coin" time="0.0"/>
  <testcase name="Test equality [x1: 7, y1: 123, x2: 7, y2: 123, #8]" classname="birdrun.model.Test_Coin" time="0.001"/>
  <testcase name="Test equality [x1: 78, y1: 34, x2: 78, y2: 34, #9]" classname="birdrun.model.Test_Coin" time="0.0"/>
  <testcase name="Test equality [x1: -15, y1: -15, x2: 15, y2: 15, #10]" classname="birdrun.model.Test_Coin" time="0.0"/>
  <testcase name="Test equality [x1: 101, y1: 8, x2: 99, y2: 8, #11]" classname="birdrun.model.Test_Coin" time="0.0"/>
  <system-out><![CDATA[]]></system-out>
  <system-err><![CDATA[]]></system-err>
</testsuite>
