<?xml version="1.0" encoding="UTF-8"?>
<testsuite name="birdrun.viewer.Test_MenuViewer" tests="2" skipped="0" failures="0" errors="0" timestamp="2022-01-15T15:25:19" hostname="zenbook" time="0.007">
  <properties/>
  <testcase name="Test Initial_MenuViewer" classname="birdrun.viewer.Test_MenuViewer" time="0.003"/>
  <testcase name="Test Death_MenuViewer" classname="birdrun.viewer.Test_MenuViewer" time="0.003"/>
  <system-out><![CDATA[]]></system-out>
  <system-err><![CDATA[]]></system-err>
</testsuite>
