<?xml version="1.0" encoding="UTF-8"?>
<testsuite name="birdrun.controller.Test_ScreenFactory" tests="1" skipped="0" failures="0" errors="0" timestamp="2022-01-15T15:25:20" hostname="zenbook" time="0.022">
  <properties/>
  <testcase name="Test getScreen" classname="birdrun.controller.Test_ScreenFactory" time="0.022"/>
  <system-out><![CDATA[]]></system-out>
  <system-err><![CDATA[]]></system-err>
</testsuite>
