<?xml version="1.0" encoding="UTF-8"?>
<testsuite name="birdrun.model.Test_Matrix" tests="3" skipped="0" failures="0" errors="0" timestamp="2022-01-15T15:25:20" hostname="zenbook" time="0.004">
  <properties/>
  <testcase name="Test set/get Pos" classname="birdrun.model.Test_Matrix" time="0.002"/>
  <testcase name="Test getDimensions" classname="birdrun.model.Test_Matrix" time="0.001"/>
  <testcase name="Test getMatrix" classname="birdrun.model.Test_Matrix" time="0.001"/>
  <system-out><![CDATA[]]></system-out>
  <system-err><![CDATA[]]></system-err>
</testsuite>
