<?xml version="1.0" encoding="UTF-8"?>
<testsuite name="birdrun.model.Test_Dimensions" tests="4" skipped="0" failures="0" errors="0" timestamp="2022-01-15T15:25:20" hostname="zenbook" time="0.003">
  <properties/>
  <testcase name="Test get / set [width: 1, height: 15, #0]" classname="birdrun.model.Test_Dimensions" time="0.002"/>
  <testcase name="Test get / set [width: 2, height: 1, #1]" classname="birdrun.model.Test_Dimensions" time="0.0"/>
  <testcase name="Test get / set [width: 10, height: 1, #2]" classname="birdrun.model.Test_Dimensions" time="0.0"/>
  <testcase name="Test get / set [width: 20, height: 35, #3]" classname="birdrun.model.Test_Dimensions" time="0.0"/>
  <system-out><![CDATA[]]></system-out>
  <system-err><![CDATA[]]></system-err>
</testsuite>
