<?xml version="1.0" encoding="UTF-8"?>
<testsuite name="Test Position" tests="4" skipped="0" failures="0" errors="0" timestamp="2022-01-15T15:25:18" hostname="zenbook" time="2.496">
  <properties/>
  <testcase name="Test EqualPosition" classname="birdrun.Test_Position" time="0.235"/>
  <testcase name="Test_Equal_Positions()" classname="birdrun.Test_Position" time="0.012"/>
  <testcase name="Test_Get_Set()" classname="birdrun.Test_Position" time="0.001"/>
  <testcase name="Test_Get_Positions()" classname="birdrun.Test_Position" time="0.001"/>
  <system-out><![CDATA[timestamp = 2022-01-15T15:25:18.443884124, Test Position:Test EqualPosition = 
                              |-------------------jqwik-------------------
tries = 1000                  | # of calls to property
checks = 1000                 | # of not rejected calls
generation = RANDOMIZED       | parameters are randomly generated
after-failure = PREVIOUS_SEED | use the previous seed
when-fixed-seed = ALLOW       | fixing the random seed is allowed
edge-cases#mode = MIXIN       | edge cases are mixed in
edge-cases#total = 81         | # of all combined edge cases
edge-cases#tried = 81         | # of edge cases tried in current run
seed = -594335244905632230    | random seed to reproduce generated values


]]></system-out>
  <system-err><![CDATA[]]></system-err>
</testsuite>
