<?xml version="1.0" encoding="UTF-8"?>
<testsuite name="birdrun.model.Test_ArenaModel" tests="24" skipped="0" failures="0" errors="0" timestamp="2022-01-15T15:25:20" hostname="zenbook" time="0.052">
  <properties/>
  <testcase name="Test getPlayerScore [expectedScore: -10, #0]" classname="birdrun.model.Test_ArenaModel" time="0.041"/>
  <testcase name="Test getPlayerScore [expectedScore: 0, #1]" classname="birdrun.model.Test_ArenaModel" time="0.0"/>
  <testcase name="Test getPlayerScore [expectedScore: -1, #2]" classname="birdrun.model.Test_ArenaModel" time="0.0"/>
  <testcase name="Test getPlayerScore [expectedScore: 0, #3]" classname="birdrun.model.Test_ArenaModel" time="0.0"/>
  <testcase name="Test getPlayerScore [expectedScore: 1, #4]" classname="birdrun.model.Test_ArenaModel" time="0.001"/>
  <testcase name="Test getPlayerScore [expectedScore: 2, #5]" classname="birdrun.model.Test_ArenaModel" time="0.0"/>
  <testcase name="Test getPlayerScore [expectedScore: 4, #6]" classname="birdrun.model.Test_ArenaModel" time="0.001"/>
  <testcase name="Test getPlayerScore [expectedScore: 46, #7]" classname="birdrun.model.Test_ArenaModel" time="0.0"/>
  <testcase name="Test getPlayerScore [expectedScore: 7, #8]" classname="birdrun.model.Test_ArenaModel" time="0.0"/>
  <testcase name="Test getPlayerScore [expectedScore: 78, #9]" classname="birdrun.model.Test_ArenaModel" time="0.0"/>
  <testcase name="Test getPlayerScore [expectedScore: 15, #10]" classname="birdrun.model.Test_ArenaModel" time="0.0"/>
  <testcase name="Test getPlayerScore [expectedScore: 9999, #11]" classname="birdrun.model.Test_ArenaModel" time="0.001"/>
  <testcase name="Test getPlayerHp [expectedHp: -10, #0]" classname="birdrun.model.Test_ArenaModel" time="0.001"/>
  <testcase name="Test getPlayerHp [expectedHp: 0, #1]" classname="birdrun.model.Test_ArenaModel" time="0.0"/>
  <testcase name="Test getPlayerHp [expectedHp: -1, #2]" classname="birdrun.model.Test_ArenaModel" time="0.0"/>
  <testcase name="Test getPlayerHp [expectedHp: 0, #3]" classname="birdrun.model.Test_ArenaModel" time="0.001"/>
  <testcase name="Test getPlayerHp [expectedHp: 1, #4]" classname="birdrun.model.Test_ArenaModel" time="0.001"/>
  <testcase name="Test getPlayerHp [expectedHp: 2, #5]" classname="birdrun.model.Test_ArenaModel" time="0.0"/>
  <testcase name="Test getPlayerHp [expectedHp: 4, #6]" classname="birdrun.model.Test_ArenaModel" time="0.0"/>
  <testcase name="Test getPlayerHp [expectedHp: 46, #7]" classname="birdrun.model.Test_ArenaModel" time="0.001"/>
  <testcase name="Test getPlayerHp [expectedHp: 7, #8]" classname="birdrun.model.Test_ArenaModel" time="0.0"/>
  <testcase name="Test getPlayerHp [expectedHp: 78, #9]" classname="birdrun.model.Test_ArenaModel" time="0.0"/>
  <testcase name="Test getPlayerHp [expectedHp: 15, #10]" classname="birdrun.model.Test_ArenaModel" time="0.001"/>
  <testcase name="Test getPlayerHp [expectedHp: 9999, #11]" classname="birdrun.model.Test_ArenaModel" time="0.0"/>
  <system-out><![CDATA[]]></system-out>
  <system-err><![CDATA[]]></system-err>
</testsuite>
